2021-12-04 15:47:53 DEBUG CloudStorageService:58 - User found:User(username=qwe, firstName=qwe, lastName=qwe, email=qwe, password=$2a$12$GTi79xU2kRWn3FA4DPKyVuQOdHvk1iOKzchiO0ZoRIAiKI7q6lMRW, roles=[Role{id: 1, name: ROLE_ADMIN}, Role{id: 2, name: ROLE_USER}]);
2021-12-04 15:47:53 DEBUG CloudStorageService:58 - User found:User(username=qwe, firstName=qwe, lastName=qwe, email=qwe, password=$2a$12$GTi79xU2kRWn3FA4DPKyVuQOdHvk1iOKzchiO0ZoRIAiKI7q6lMRW, roles=[Role{id: 1, name: ROLE_ADMIN}, Role{id: 2, name: ROLE_USER}]);
2021-12-04 15:47:53 DEBUG CloudStorageService:58 - User found:User(username=qwe, firstName=qwe, lastName=qwe, email=qwe, password=$2a$12$GTi79xU2kRWn3FA4DPKyVuQOdHvk1iOKzchiO0ZoRIAiKI7q6lMRW, roles=[Role{id: 1, name: ROLE_ADMIN}, Role{id: 2, name: ROLE_USER}]);
2021-12-04 16:13:53 WARN  JwtTokenProvider:120 - Token does not exist or was not found in the provider's cache
2021-12-04 16:13:53 DEBUG CloudStorageMainController:46 - Authorization request: AuthenticationRequestDto(login=qwe, password=qwe, jwt=null, roles=null)
2021-12-04 16:13:53 INFO  JwtTokenProvider:78 - User - qwe issued a token: eyJhbGciOiJIUzI1NiJ9.eyJzdWIiOiJxd2UiLCJyb2xlcyI6WyJST0xFX0FETUlOIiwiUk9MRV9VU0VSIl0sImlhdCI6MTYzODYyMzYzMywiZXhwIjoxNjM4NjIzOTkzfQ.r_u_BhFqarlZOE07LPrW4FNWwsnnUv4vvpz6n4xyruI
2021-12-04 16:13:53 DEBUG CloudStorageMainController:69 - /list - response: []
2021-12-04 16:14:13 INFO  JwtTokenProvider:85 - Token deleted: qwe
2021-12-04 16:14:19 WARN  JwtTokenProvider:120 - Token does not exist or was not found in the provider's cache
2021-12-04 16:14:19 DEBUG CloudStorageMainController:46 - Authorization request: AuthenticationRequestDto(login=qwe, password=qwe, jwt=null, roles=null)
2021-12-04 16:14:19 INFO  JwtTokenProvider:78 - User - qwe issued a token: eyJhbGciOiJIUzI1NiJ9.eyJzdWIiOiJxd2UiLCJyb2xlcyI6WyJST0xFX0FETUlOIiwiUk9MRV9VU0VSIl0sImlhdCI6MTYzODYyMzY1OSwiZXhwIjoxNjM4NjI0MDE5fQ.Xm4zzVZAv4kPJxiFszZiYYXm-2AidMXH4OpPrLKIzqo
2021-12-04 16:14:19 DEBUG CloudStorageMainController:69 - /list - response: []
2021-12-04 16:14:23 DEBUG CloudStorageMainController:86 - /file request: FileRequestDto(rqUserToken=Bearer eyJhbGciOiJIUzI1NiJ9.eyJzdWIiOiJxd2UiLCJyb2xlcyI6WyJST0xFX0FETUlOIiwiUk9MRV9VU0VSIl0sImlhdCI6MTYzODYyMzY1OSwiZXhwIjoxNjM4NjI0MDE5fQ.Xm4zzVZAv4kPJxiFszZiYYXm-2AidMXH4OpPrLKIzqo, fileName=СОГЛАСИЕ.pdf, limit=0, fileSize=258815, fileBytes=null, file=org.springframework.web.multipart.support.StandardMultipartHttpServletRequest$StandardMultipartFile@524d0d22)
2021-12-04 16:14:23 DEBUG CloudStorageService:82 - СОГЛАСИЕ.pdf - 258815
2021-12-04 16:14:26 DEBUG CloudStorageMainController:69 - /list - response: [FileResponseDto(fileName=СОГЛАСИЕ.pdf, size=258815)]
2021-12-04 16:15:28 WARN  JwtTokenProvider:120 - Token does not exist or was not found in the provider's cache
2021-12-04 16:18:23 INFO  CloudStorageService:173 - Record(1) changed;
2021-12-04 16:22:38 WARN  JwtTokenProvider:120 - Token does not exist or was not found in the provider's cache
2021-12-04 16:22:38 DEBUG CloudStorageMainController:46 - Authorization request: AuthenticationRequestDto(login=qwe, password=qwe, jwt=null, roles=null)
2021-12-04 16:22:39 INFO  JwtTokenProvider:78 - User - qwe issued a token: eyJhbGciOiJIUzI1NiJ9.eyJzdWIiOiJxd2UiLCJyb2xlcyI6WyJST0xFX0FETUlOIiwiUk9MRV9VU0VSIl0sImlhdCI6MTYzODYyNDE1OSwiZXhwIjoxNjM4NjI0NTE5fQ.sZzQqYEfh0PCN03DlgQY0txnW_BiJATuj3XUkHXvhKA
2021-12-04 16:22:39 DEBUG CloudStorageMainController:69 - /list - response: [FileResponseDto(fileName=Renamed.pdf, size=258815)]
2021-12-04 16:22:53 DEBUG CloudStorageMainController:86 - /file request: FileRequestDto(rqUserToken=Bearer eyJhbGciOiJIUzI1NiJ9.eyJzdWIiOiJxd2UiLCJyb2xlcyI6WyJST0xFX0FETUlOIiwiUk9MRV9VU0VSIl0sImlhdCI6MTYzODYyNDE1OSwiZXhwIjoxNjM4NjI0NTE5fQ.sZzQqYEfh0PCN03DlgQY0txnW_BiJATuj3XUkHXvhKA, fileName=СОГЛАСИЕ.pdf, limit=0, fileSize=258815, fileBytes=null, file=org.springframework.web.multipart.support.StandardMultipartHttpServletRequest$StandardMultipartFile@58b09ed)
2021-12-04 16:22:53 DEBUG CloudStorageService:82 - СОГЛАСИЕ.pdf - 258815
2021-12-04 16:22:56 DEBUG CloudStorageMainController:69 - /list - response: [FileResponseDto(fileName=СОГЛАСИЕ.pdf, size=258815), FileResponseDto(fileName=Renamed.pdf, size=258815)]
2021-12-04 16:25:30 WARN  JwtTokenProvider:120 - Token does not exist or was not found in the provider's cache
2021-12-04 16:25:41 WARN  JwtTokenProvider:120 - Token does not exist or was not found in the provider's cache
2021-12-04 16:25:41 DEBUG CloudStorageMainController:46 - Authorization request: AuthenticationRequestDto(login=qwe, password=qwe, jwt=null, roles=null)
2021-12-04 16:25:42 INFO  JwtTokenProvider:78 - User - qwe issued a token: eyJhbGciOiJIUzI1NiJ9.eyJzdWIiOiJxd2UiLCJyb2xlcyI6WyJST0xFX0FETUlOIiwiUk9MRV9VU0VSIl0sImlhdCI6MTYzODYyNDM0MiwiZXhwIjoxNjM4NjI0NzAyfQ.MAvQiyZsS8qMQFscqs5dFpLaZLlSs1vKyn0XKboLwAo
2021-12-04 16:25:42 DEBUG CloudStorageMainController:69 - /list - response: [FileResponseDto(fileName=Renamed.pdf, size=258815)]
2021-12-04 16:25:47 DEBUG CloudStorageMainController:86 - /file request: FileRequestDto(rqUserToken=Bearer eyJhbGciOiJIUzI1NiJ9.eyJzdWIiOiJxd2UiLCJyb2xlcyI6WyJST0xFX0FETUlOIiwiUk9MRV9VU0VSIl0sImlhdCI6MTYzODYyNDM0MiwiZXhwIjoxNjM4NjI0NzAyfQ.MAvQiyZsS8qMQFscqs5dFpLaZLlSs1vKyn0XKboLwAo, fileName=СОГЛАСИЕ.pdf, limit=0, fileSize=258815, fileBytes=null, file=org.springframework.web.multipart.support.StandardMultipartHttpServletRequest$StandardMultipartFile@50a1e6cf)
2021-12-04 16:25:47 DEBUG CloudStorageService:82 - СОГЛАСИЕ.pdf - 258815
2021-12-04 16:25:50 DEBUG CloudStorageMainController:69 - /list - response: [FileResponseDto(fileName=СОГЛАСИЕ.pdf, size=258815), FileResponseDto(fileName=Renamed.pdf, size=258815)]
2021-12-04 16:26:16 INFO  CloudStorageMainController:103 - File: СОГЛАСИЕ.pdf, success deleted;
2021-12-04 16:26:27 DEBUG CloudStorageMainController:86 - /file request: FileRequestDto(rqUserToken=Bearer eyJhbGciOiJIUzI1NiJ9.eyJzdWIiOiJxd2UiLCJyb2xlcyI6WyJST0xFX0FETUlOIiwiUk9MRV9VU0VSIl0sImlhdCI6MTYzODYyNDM0MiwiZXhwIjoxNjM4NjI0NzAyfQ.MAvQiyZsS8qMQFscqs5dFpLaZLlSs1vKyn0XKboLwAo, fileName=СОГЛАСИЕ.pdf, limit=0, fileSize=258815, fileBytes=null, file=org.springframework.web.multipart.support.StandardMultipartHttpServletRequest$StandardMultipartFile@3b6b187f)
2021-12-04 16:26:27 DEBUG CloudStorageService:82 - СОГЛАСИЕ.pdf - 258815
2021-12-04 16:26:29 DEBUG CloudStorageMainController:69 - /list - response: [FileResponseDto(fileName=СОГЛАСИЕ.pdf, size=258815), FileResponseDto(fileName=Renamed.pdf, size=258815)]
2021-12-04 16:26:42 INFO  CloudStorageService:146 - File for download: СОГЛАСИЕ.pdf
2021-12-04 16:26:53 INFO  CloudStorageService:174 - Record(4) changed;
2021-12-04 16:33:33 ERROR JwtTokenProvider:135 - JWT expired at 2021-12-04T16:31:42Z. Current time: 2021-12-04T16:33:33Z, a difference of 111711 milliseconds.  Allowed clock skew: 0 milliseconds.
2021-12-04 16:33:33 WARN  JwtTokenProvider:120 - Token does not exist or was not found in the provider's cache
2021-12-04 16:33:43 WARN  JwtTokenProvider:120 - Token does not exist or was not found in the provider's cache
2021-12-04 16:33:43 DEBUG CloudStorageMainController:46 - Authorization request: AuthenticationRequestDto(login=qwe, password=qwe, jwt=null, roles=null)
2021-12-04 16:33:43 INFO  JwtCloudStorageDetails:36 - User with username: qwe, successfully loaded;
2021-12-04 16:33:44 INFO  JwtTokenProvider:78 - User - qwe issued a token: eyJhbGciOiJIUzI1NiJ9.eyJzdWIiOiJxd2UiLCJyb2xlcyI6WyJST0xFX0FETUlOIiwiUk9MRV9VU0VSIl0sImlhdCI6MTYzODYyNDgyNCwiZXhwIjoxNjM4NjI1MTg0fQ.qT7IeDmsVJ1gXZwKWxAf3na6BfU9FM7w2BhYJzjM7MI
2021-12-04 16:33:44 INFO  JwtCloudStorageDetails:36 - User with username: qwe, successfully loaded;
2021-12-04 16:33:44 DEBUG CloudStorageMainController:69 - /list - response: [FileResponseDto(fileName=Renamed.pdf, size=258815), FileResponseDto(fileName=Renamed.pdf, size=258815)]
2021-12-04 16:33:53 INFO  JwtTokenProvider:85 - Token deleted: qwe
2021-12-04 16:34:00 WARN  JwtTokenProvider:120 - Token does not exist or was not found in the provider's cache
2021-12-04 16:34:00 DEBUG CloudStorageMainController:46 - Authorization request: AuthenticationRequestDto(login=qwe, password=qwe, jwt=null, roles=null)
2021-12-04 16:34:00 INFO  JwtCloudStorageDetails:36 - User with username: qwe, successfully loaded;
2021-12-04 16:34:00 INFO  JwtTokenProvider:78 - User - qwe issued a token: eyJhbGciOiJIUzI1NiJ9.eyJzdWIiOiJxd2UiLCJyb2xlcyI6WyJST0xFX0FETUlOIiwiUk9MRV9VU0VSIl0sImlhdCI6MTYzODYyNDg0MCwiZXhwIjoxNjM4NjI1MjAwfQ.7eUa0GxnA_jnwa39lKFproYJ5BaKMaIxJiTMYiwC_J8
2021-12-04 16:34:00 INFO  JwtCloudStorageDetails:36 - User with username: qwe, successfully loaded;
2021-12-04 16:34:00 DEBUG CloudStorageMainController:69 - /list - response: [FileResponseDto(fileName=Renamed.pdf, size=258815), FileResponseDto(fileName=Renamed.pdf, size=258815)]
2021-12-04 16:34:03 INFO  JwtCloudStorageDetails:36 - User with username: qwe, successfully loaded;
2021-12-04 16:34:03 DEBUG CloudStorageMainController:86 - /file request: FileRequestDto(rqUserToken=Bearer eyJhbGciOiJIUzI1NiJ9.eyJzdWIiOiJxd2UiLCJyb2xlcyI6WyJST0xFX0FETUlOIiwiUk9MRV9VU0VSIl0sImlhdCI6MTYzODYyNDg0MCwiZXhwIjoxNjM4NjI1MjAwfQ.7eUa0GxnA_jnwa39lKFproYJ5BaKMaIxJiTMYiwC_J8, fileName=СОГЛАСИЕ.pdf, limit=0, fileSize=258815, fileBytes=null, file=org.springframework.web.multipart.support.StandardMultipartHttpServletRequest$StandardMultipartFile@68609cb1)
2021-12-04 16:34:03 DEBUG CloudStorageService:64 - СОГЛАСИЕ.pdf - 258815
2021-12-04 16:34:06 INFO  JwtCloudStorageDetails:36 - User with username: qwe, successfully loaded;
2021-12-04 16:34:06 DEBUG CloudStorageMainController:69 - /list - response: [FileResponseDto(fileName=СОГЛАСИЕ.pdf, size=258815), FileResponseDto(fileName=Renamed.pdf, size=258815), FileResponseDto(fileName=Renamed.pdf, size=258815)]
2021-12-04 19:58:33 WARN  JwtTokenProvider:120 - Token does not exist or was not found in the provider's cache
2021-12-04 19:58:33 DEBUG CloudStorageMainController:45 - Authorization request: AuthenticationRequestDto(login=qwe, password=qwe, jwt=null, roles=null)
2021-12-04 19:59:08 WARN  JwtTokenProvider:120 - Token does not exist or was not found in the provider's cache
2021-12-04 19:59:08 DEBUG CloudStorageMainController:45 - Authorization request: AuthenticationRequestDto(login=qwe, password=qwe, jwt=null, roles=null)
2021-12-04 19:59:09 INFO  JwtTokenProvider:78 - User - qwe issued a token: eyJhbGciOiJIUzI1NiJ9.eyJzdWIiOiJxd2UiLCJyb2xlcyI6WyJST0xFX0FETUlOIiwiUk9MRV9VU0VSIl0sImlhdCI6MTYzODYzNzE0OSwiZXhwIjoxNjM4NjQwNzQ5fQ.bVC1y1oWC2ODc2hMtggYOQ0eVUVg3arsNjZQP4HQh3I
2021-12-04 20:00:19 WARN  JwtTokenProvider:120 - Token does not exist or was not found in the provider's cache
2021-12-04 20:00:22 WARN  JwtTokenProvider:120 - Token does not exist or was not found in the provider's cache
2021-12-04 20:00:22 DEBUG CloudStorageMainController:45 - Authorization request: AuthenticationRequestDto(login=qwe, password=qwe, jwt=null, roles=null)
2021-12-04 20:00:22 DEBUG CloudStorageService:59 - User found:User(username=qwe, firstName=qwe, lastName=qwe, email=qwe, password=$2a$12$GTi79xU2kRWn3FA4DPKyVuQOdHvk1iOKzchiO0ZoRIAiKI7q6lMRW, roles=[Role{id: 1, name: ROLE_ADMIN}, Role{id: 2, name: ROLE_USER}]);
2021-12-04 20:00:22 DEBUG CloudStorageService:59 - User found:User(username=qwe, firstName=qwe, lastName=qwe, email=qwe, password=$2a$12$GTi79xU2kRWn3FA4DPKyVuQOdHvk1iOKzchiO0ZoRIAiKI7q6lMRW, roles=[Role{id: 1, name: ROLE_ADMIN}, Role{id: 2, name: ROLE_USER}]);
2021-12-04 20:00:22 INFO  JwtTokenProvider:78 - User - qwe issued a token: eyJhbGciOiJIUzI1NiJ9.eyJzdWIiOiJxd2UiLCJyb2xlcyI6WyJST0xFX0FETUlOIiwiUk9MRV9VU0VSIl0sImlhdCI6MTYzODYzNzIyMiwiZXhwIjoxNjM4NjQwODIyfQ.O3szmMgQyOCfERBTpUPwWLq7q7UNijcQtKNy8oE2_Uk
2021-12-04 20:00:23 DEBUG CloudStorageService:59 - User found:User(username=qwe, firstName=qwe, lastName=qwe, email=qwe, password=$2a$12$GTi79xU2kRWn3FA4DPKyVuQOdHvk1iOKzchiO0ZoRIAiKI7q6lMRW, roles=[Role{id: 1, name: ROLE_ADMIN}, Role{id: 2, name: ROLE_USER}]);
2021-12-04 20:00:23 DEBUG CloudStorageService:59 - User found:User(username=qwe, firstName=qwe, lastName=qwe, email=qwe, password=$2a$12$GTi79xU2kRWn3FA4DPKyVuQOdHvk1iOKzchiO0ZoRIAiKI7q6lMRW, roles=[Role{id: 1, name: ROLE_ADMIN}, Role{id: 2, name: ROLE_USER}]);
2021-12-04 20:00:55 WARN  JwtTokenProvider:120 - Token does not exist or was not found in the provider's cache
2021-12-04 20:00:55 WARN  JwtTokenProvider:120 - Token does not exist or was not found in the provider's cache
2021-12-04 20:00:57 WARN  JwtTokenProvider:120 - Token does not exist or was not found in the provider's cache
2021-12-04 20:00:58 DEBUG CloudStorageMainController:45 - Authorization request: AuthenticationRequestDto(login=qwe, password=qwe, jwt=null, roles=null)
2021-12-04 20:00:58 DEBUG CloudStorageService:59 - User found:User(username=qwe, firstName=qwe, lastName=qwe, email=qwe, password=$2a$12$GTi79xU2kRWn3FA4DPKyVuQOdHvk1iOKzchiO0ZoRIAiKI7q6lMRW, roles=[Role{id: 1, name: ROLE_ADMIN}, Role{id: 2, name: ROLE_USER}]);
2021-12-04 20:00:58 DEBUG CloudStorageService:59 - User found:User(username=qwe, firstName=qwe, lastName=qwe, email=qwe, password=$2a$12$GTi79xU2kRWn3FA4DPKyVuQOdHvk1iOKzchiO0ZoRIAiKI7q6lMRW, roles=[Role{id: 1, name: ROLE_ADMIN}, Role{id: 2, name: ROLE_USER}]);
2021-12-04 20:00:58 INFO  JwtTokenProvider:78 - User - qwe issued a token: eyJhbGciOiJIUzI1NiJ9.eyJzdWIiOiJxd2UiLCJyb2xlcyI6WyJST0xFX0FETUlOIiwiUk9MRV9VU0VSIl0sImlhdCI6MTYzODYzNzI1OCwiZXhwIjoxNjM4NjQwODU4fQ.psWdnuan5wh0GAjjg7yWkRLbEqmOS9Ti1COFMBVXMeE
2021-12-04 20:00:58 DEBUG CloudStorageService:59 - User found:User(username=qwe, firstName=qwe, lastName=qwe, email=qwe, password=$2a$12$GTi79xU2kRWn3FA4DPKyVuQOdHvk1iOKzchiO0ZoRIAiKI7q6lMRW, roles=[Role{id: 1, name: ROLE_ADMIN}, Role{id: 2, name: ROLE_USER}]);
2021-12-04 20:00:58 DEBUG CloudStorageService:59 - User found:User(username=qwe, firstName=qwe, lastName=qwe, email=qwe, password=$2a$12$GTi79xU2kRWn3FA4DPKyVuQOdHvk1iOKzchiO0ZoRIAiKI7q6lMRW, roles=[Role{id: 1, name: ROLE_ADMIN}, Role{id: 2, name: ROLE_USER}]);
2021-12-04 20:04:07 WARN  JwtTokenProvider:119 - Token does not exist or was not found in the provider's cache
2021-12-04 20:04:13 WARN  JwtTokenProvider:119 - Token does not exist or was not found in the provider's cache
2021-12-04 20:04:13 DEBUG CloudStorageMainController:45 - Authorization request: AuthenticationRequestDto(login=qwe, password=qwe, jwt=null, roles=null)
2021-12-04 20:04:13 DEBUG CloudStorageService:59 - User found:User(username=qwe, firstName=qwe, lastName=qwe, email=qwe, password=$2a$12$GTi79xU2kRWn3FA4DPKyVuQOdHvk1iOKzchiO0ZoRIAiKI7q6lMRW, roles=[Role{id: 1, name: ROLE_ADMIN}, Role{id: 2, name: ROLE_USER}]);
2021-12-04 20:04:13 DEBUG CloudStorageService:59 - User found:User(username=qwe, firstName=qwe, lastName=qwe, email=qwe, password=$2a$12$GTi79xU2kRWn3FA4DPKyVuQOdHvk1iOKzchiO0ZoRIAiKI7q6lMRW, roles=[Role{id: 1, name: ROLE_ADMIN}, Role{id: 2, name: ROLE_USER}]);
2021-12-04 20:04:13 INFO  JwtTokenProvider:78 - User - qwe issued a token: eyJhbGciOiJIUzI1NiJ9.eyJzdWIiOiJxd2UiLCJyb2xlcyI6WyJST0xFX0FETUlOIiwiUk9MRV9VU0VSIl0sImlhdCI6MTYzODYzNzQ1MywiZXhwIjoxNjM4NjQxMDUzfQ.fEL48riWayjd6kSJR5xJLlfS23tLQtRiCtO9kaDGsrw
2021-12-04 20:04:13 DEBUG CloudStorageService:59 - User found:User(username=qwe, firstName=qwe, lastName=qwe, email=qwe, password=$2a$12$GTi79xU2kRWn3FA4DPKyVuQOdHvk1iOKzchiO0ZoRIAiKI7q6lMRW, roles=[Role{id: 1, name: ROLE_ADMIN}, Role{id: 2, name: ROLE_USER}]);
2021-12-04 20:04:13 DEBUG CloudStorageService:59 - User found:User(username=qwe, firstName=qwe, lastName=qwe, email=qwe, password=$2a$12$GTi79xU2kRWn3FA4DPKyVuQOdHvk1iOKzchiO0ZoRIAiKI7q6lMRW, roles=[Role{id: 1, name: ROLE_ADMIN}, Role{id: 2, name: ROLE_USER}]);
2021-12-04 20:05:40 WARN  JwtTokenProvider:123 - Token does not exist or was not found in the provider's cache
2021-12-04 20:05:43 WARN  JwtTokenProvider:123 - Token does not exist or was not found in the provider's cache
2021-12-04 20:05:43 DEBUG CloudStorageMainController:45 - Authorization request: AuthenticationRequestDto(login=qwe, password=qwe, jwt=null, roles=null)
2021-12-04 20:05:43 DEBUG CloudStorageService:59 - User found:User(username=qwe, firstName=qwe, lastName=qwe, email=qwe, password=$2a$12$GTi79xU2kRWn3FA4DPKyVuQOdHvk1iOKzchiO0ZoRIAiKI7q6lMRW, roles=[Role{id: 1, name: ROLE_ADMIN}, Role{id: 2, name: ROLE_USER}]);
2021-12-04 20:05:43 DEBUG CloudStorageService:59 - User found:User(username=qwe, firstName=qwe, lastName=qwe, email=qwe, password=$2a$12$GTi79xU2kRWn3FA4DPKyVuQOdHvk1iOKzchiO0ZoRIAiKI7q6lMRW, roles=[Role{id: 1, name: ROLE_ADMIN}, Role{id: 2, name: ROLE_USER}]);
2021-12-04 20:05:43 INFO  JwtTokenProvider:77 - User - qwe issued a token: eyJhbGciOiJIUzI1NiJ9.eyJzdWIiOiJxd2UiLCJyb2xlcyI6WyJST0xFX0FETUlOIiwiUk9MRV9VU0VSIl0sImlhdCI6MTYzODYzNzU0MywiZXhwIjoxNjM4NjQxMTQzfQ.9uJuxK84mu9xRB46cnPNG89HPfsOZCh2wokWpXmK9wo
2021-12-04 20:05:43 DEBUG CloudStorageService:59 - User found:User(username=qwe, firstName=qwe, lastName=qwe, email=qwe, password=$2a$12$GTi79xU2kRWn3FA4DPKyVuQOdHvk1iOKzchiO0ZoRIAiKI7q6lMRW, roles=[Role{id: 1, name: ROLE_ADMIN}, Role{id: 2, name: ROLE_USER}]);
2021-12-04 20:05:43 DEBUG CloudStorageService:59 - User found:User(username=qwe, firstName=qwe, lastName=qwe, email=qwe, password=$2a$12$GTi79xU2kRWn3FA4DPKyVuQOdHvk1iOKzchiO0ZoRIAiKI7q6lMRW, roles=[Role{id: 1, name: ROLE_ADMIN}, Role{id: 2, name: ROLE_USER}]);
2021-12-04 20:06:41 WARN  JwtTokenProvider:123 - Token does not exist or was not found in the provider's cache
2021-12-04 20:06:45 WARN  JwtTokenProvider:123 - Token does not exist or was not found in the provider's cache
2021-12-04 20:06:45 DEBUG CloudStorageMainController:45 - Authorization request: AuthenticationRequestDto(login=qwe, password=qwe, jwt=null, roles=null)
2021-12-04 20:06:45 DEBUG CloudStorageService:59 - User found:User(username=qwe, firstName=qwe, lastName=qwe, email=qwe, password=$2a$12$GTi79xU2kRWn3FA4DPKyVuQOdHvk1iOKzchiO0ZoRIAiKI7q6lMRW, roles=[Role{id: 1, name: ROLE_ADMIN}, Role{id: 2, name: ROLE_USER}]);
2021-12-04 20:06:45 DEBUG CloudStorageService:59 - User found:User(username=qwe, firstName=qwe, lastName=qwe, email=qwe, password=$2a$12$GTi79xU2kRWn3FA4DPKyVuQOdHvk1iOKzchiO0ZoRIAiKI7q6lMRW, roles=[Role{id: 1, name: ROLE_ADMIN}, Role{id: 2, name: ROLE_USER}]);
2021-12-04 20:06:45 INFO  JwtTokenProvider:77 - User - qwe issued a token: eyJhbGciOiJIUzI1NiJ9.eyJzdWIiOiJxd2UiLCJyb2xlcyI6WyJST0xFX0FETUlOIiwiUk9MRV9VU0VSIl0sImlhdCI6MTYzODYzNzYwNSwiZXhwIjoxNjM4NjQxMjA1fQ.93Y61ingmm3oReYSSjHgOGdO3CHBoUgKzsxL9p-wafc
2021-12-04 20:06:45 DEBUG CloudStorageService:59 - User found:User(username=qwe, firstName=qwe, lastName=qwe, email=qwe, password=$2a$12$GTi79xU2kRWn3FA4DPKyVuQOdHvk1iOKzchiO0ZoRIAiKI7q6lMRW, roles=[Role{id: 1, name: ROLE_ADMIN}, Role{id: 2, name: ROLE_USER}]);
2021-12-04 20:06:45 DEBUG CloudStorageService:59 - User found:User(username=qwe, firstName=qwe, lastName=qwe, email=qwe, password=$2a$12$GTi79xU2kRWn3FA4DPKyVuQOdHvk1iOKzchiO0ZoRIAiKI7q6lMRW, roles=[Role{id: 1, name: ROLE_ADMIN}, Role{id: 2, name: ROLE_USER}]);
2021-12-04 20:07:28 WARN  JwtTokenProvider:123 - Token does not exist or was not found in the provider's cache
2021-12-04 20:07:38 WARN  JwtTokenProvider:123 - Token does not exist or was not found in the provider's cache
2021-12-04 20:07:38 DEBUG CloudStorageMainController:45 - Authorization request: AuthenticationRequestDto(login=qwe, password=qwe, jwt=null, roles=null)
2021-12-04 20:07:38 DEBUG CloudStorageService:59 - User found:User(username=qwe, firstName=qwe, lastName=qwe, email=qwe, password=$2a$12$GTi79xU2kRWn3FA4DPKyVuQOdHvk1iOKzchiO0ZoRIAiKI7q6lMRW, roles=[Role{id: 1, name: ROLE_ADMIN}, Role{id: 2, name: ROLE_USER}]);
2021-12-04 20:07:39 DEBUG CloudStorageService:59 - User found:User(username=qwe, firstName=qwe, lastName=qwe, email=qwe, password=$2a$12$GTi79xU2kRWn3FA4DPKyVuQOdHvk1iOKzchiO0ZoRIAiKI7q6lMRW, roles=[Role{id: 1, name: ROLE_ADMIN}, Role{id: 2, name: ROLE_USER}]);
2021-12-04 20:07:39 INFO  JwtTokenProvider:77 - User - qwe issued a token: eyJhbGciOiJIUzI1NiJ9.eyJzdWIiOiJxd2UiLCJyb2xlcyI6WyJST0xFX0FETUlOIiwiUk9MRV9VU0VSIl0sImlhdCI6MTYzODYzNzY1OSwiZXhwIjoxNjM4NjQxMjU5fQ.pewBtKE02MBKQgjIJjDcQv3I2EFi89LSGvu3WCA0V-4
2021-12-04 20:07:39 DEBUG CloudStorageService:59 - User found:User(username=qwe, firstName=qwe, lastName=qwe, email=qwe, password=$2a$12$GTi79xU2kRWn3FA4DPKyVuQOdHvk1iOKzchiO0ZoRIAiKI7q6lMRW, roles=[Role{id: 1, name: ROLE_ADMIN}, Role{id: 2, name: ROLE_USER}]);
2021-12-04 20:07:55 DEBUG CloudStorageService:59 - User found:User(username=qwe, firstName=qwe, lastName=qwe, email=qwe, password=$2a$12$GTi79xU2kRWn3FA4DPKyVuQOdHvk1iOKzchiO0ZoRIAiKI7q6lMRW, roles=[Role{id: 1, name: ROLE_ADMIN}, Role{id: 2, name: ROLE_USER}]);
2021-12-04 20:08:04 INFO  JwtTokenProvider:84 - Token deleted: qwe
2021-12-04 20:08:11 WARN  JwtTokenProvider:123 - Token does not exist or was not found in the provider's cache
2021-12-04 20:08:11 DEBUG CloudStorageMainController:45 - Authorization request: AuthenticationRequestDto(login=qwe, password=qwe, jwt=null, roles=null)
2021-12-04 20:08:11 DEBUG CloudStorageService:59 - User found:User(username=qwe, firstName=qwe, lastName=qwe, email=qwe, password=$2a$12$GTi79xU2kRWn3FA4DPKyVuQOdHvk1iOKzchiO0ZoRIAiKI7q6lMRW, roles=[Role{id: 1, name: ROLE_ADMIN}, Role{id: 2, name: ROLE_USER}]);
2021-12-04 20:08:12 DEBUG CloudStorageService:59 - User found:User(username=qwe, firstName=qwe, lastName=qwe, email=qwe, password=$2a$12$GTi79xU2kRWn3FA4DPKyVuQOdHvk1iOKzchiO0ZoRIAiKI7q6lMRW, roles=[Role{id: 1, name: ROLE_ADMIN}, Role{id: 2, name: ROLE_USER}]);
2021-12-04 20:08:12 INFO  JwtTokenProvider:77 - User - qwe issued a token: eyJhbGciOiJIUzI1NiJ9.eyJzdWIiOiJxd2UiLCJyb2xlcyI6WyJST0xFX0FETUlOIiwiUk9MRV9VU0VSIl0sImlhdCI6MTYzODYzNzY5MiwiZXhwIjoxNjM4NjQxMjkyfQ.fgtHKKunvnaPXwv0lEscdOodz3NrOUmE2fgire-D8WU
2021-12-04 20:08:12 DEBUG CloudStorageService:59 - User found:User(username=qwe, firstName=qwe, lastName=qwe, email=qwe, password=$2a$12$GTi79xU2kRWn3FA4DPKyVuQOdHvk1iOKzchiO0ZoRIAiKI7q6lMRW, roles=[Role{id: 1, name: ROLE_ADMIN}, Role{id: 2, name: ROLE_USER}]);
2021-12-04 20:09:43 DEBUG CloudStorageService:59 - User found:User(username=qwe, firstName=qwe, lastName=qwe, email=qwe, password=$2a$12$GTi79xU2kRWn3FA4DPKyVuQOdHvk1iOKzchiO0ZoRIAiKI7q6lMRW, roles=[Role{id: 1, name: ROLE_ADMIN}, Role{id: 2, name: ROLE_USER}]);
2021-12-04 20:10:11 WARN  JwtTokenProvider:118 - Token does not exist or was not found in the provider's cache
2021-12-04 20:10:11 WARN  JwtTokenProvider:118 - Token does not exist or was not found in the provider's cache
2021-12-04 20:11:06 WARN  JwtTokenProvider:118 - Token does not exist or was not found in the provider's cache
2021-12-04 20:11:07 WARN  JwtTokenProvider:118 - Token does not exist or was not found in the provider's cache
2021-12-04 20:11:22 WARN  JwtTokenProvider:118 - Token does not exist or was not found in the provider's cache
2021-12-04 20:11:22 DEBUG CloudStorageMainController:45 - Authorization request: AuthenticationRequestDto(login=qwe, password=qwe, jwt=null, roles=null)
2021-12-04 20:11:22 DEBUG CloudStorageService:59 - User found:User(username=qwe, firstName=qwe, lastName=qwe, email=qwe, password=$2a$12$GTi79xU2kRWn3FA4DPKyVuQOdHvk1iOKzchiO0ZoRIAiKI7q6lMRW, roles=[Role{id: 1, name: ROLE_ADMIN}, Role{id: 2, name: ROLE_USER}]);
2021-12-04 20:11:22 DEBUG CloudStorageService:59 - User found:User(username=qwe, firstName=qwe, lastName=qwe, email=qwe, password=$2a$12$GTi79xU2kRWn3FA4DPKyVuQOdHvk1iOKzchiO0ZoRIAiKI7q6lMRW, roles=[Role{id: 1, name: ROLE_ADMIN}, Role{id: 2, name: ROLE_USER}]);
2021-12-04 20:11:22 INFO  JwtTokenProvider:77 - User - qwe issued a token: eyJhbGciOiJIUzI1NiJ9.eyJzdWIiOiJxd2UiLCJyb2xlcyI6WyJST0xFX0FETUlOIiwiUk9MRV9VU0VSIl0sImlhdCI6MTYzODYzNzg4MiwiZXhwIjoxNjM4NjQxNDgyfQ.xQjhtMJbQ8Lyc7YXjWZhkHcuiRlncl29Npqu15CZ530
2021-12-04 20:11:22 DEBUG CloudStorageService:59 - User found:User(username=qwe, firstName=qwe, lastName=qwe, email=qwe, password=$2a$12$GTi79xU2kRWn3FA4DPKyVuQOdHvk1iOKzchiO0ZoRIAiKI7q6lMRW, roles=[Role{id: 1, name: ROLE_ADMIN}, Role{id: 2, name: ROLE_USER}]);
2021-12-04 20:11:22 DEBUG CloudStorageService:59 - User found:User(username=qwe, firstName=qwe, lastName=qwe, email=qwe, password=$2a$12$GTi79xU2kRWn3FA4DPKyVuQOdHvk1iOKzchiO0ZoRIAiKI7q6lMRW, roles=[Role{id: 1, name: ROLE_ADMIN}, Role{id: 2, name: ROLE_USER}]);
2021-12-04 20:12:21 WARN  JwtTokenProvider:118 - Token does not exist or was not found in the provider's cache
2021-12-04 20:12:27 WARN  JwtTokenProvider:118 - Token does not exist or was not found in the provider's cache
2021-12-04 20:12:27 DEBUG CloudStorageMainController:45 - Authorization request: AuthenticationRequestDto(login=qwe, password=qwe, jwt=null, roles=null)
2021-12-04 20:12:27 DEBUG CloudStorageService:59 - User found:User(username=qwe, firstName=qwe, lastName=qwe, email=qwe, password=$2a$12$GTi79xU2kRWn3FA4DPKyVuQOdHvk1iOKzchiO0ZoRIAiKI7q6lMRW, roles=[Role{id: 1, name: ROLE_ADMIN}, Role{id: 2, name: ROLE_USER}]);
2021-12-04 20:12:28 DEBUG CloudStorageService:59 - User found:User(username=qwe, firstName=qwe, lastName=qwe, email=qwe, password=$2a$12$GTi79xU2kRWn3FA4DPKyVuQOdHvk1iOKzchiO0ZoRIAiKI7q6lMRW, roles=[Role{id: 1, name: ROLE_ADMIN}, Role{id: 2, name: ROLE_USER}]);
2021-12-04 20:12:28 INFO  JwtTokenProvider:77 - User - qwe issued a token: eyJhbGciOiJIUzI1NiJ9.eyJzdWIiOiJxd2UiLCJyb2xlcyI6WyJST0xFX0FETUlOIiwiUk9MRV9VU0VSIl0sImlhdCI6MTYzODYzNzk0OCwiZXhwIjoxNjM4NjQxNTQ4fQ.mevX6V_bXIJzhoqs722NK3XgYMUvwRQQ34EC-5HeiBs
2021-12-04 20:12:28 DEBUG CloudStorageService:59 - User found:User(username=qwe, firstName=qwe, lastName=qwe, email=qwe, password=$2a$12$GTi79xU2kRWn3FA4DPKyVuQOdHvk1iOKzchiO0ZoRIAiKI7q6lMRW, roles=[Role{id: 1, name: ROLE_ADMIN}, Role{id: 2, name: ROLE_USER}]);
2021-12-04 20:12:28 DEBUG CloudStorageService:59 - User found:User(username=qwe, firstName=qwe, lastName=qwe, email=qwe, password=$2a$12$GTi79xU2kRWn3FA4DPKyVuQOdHvk1iOKzchiO0ZoRIAiKI7q6lMRW, roles=[Role{id: 1, name: ROLE_ADMIN}, Role{id: 2, name: ROLE_USER}]);
2021-12-04 20:13:03 WARN  JwtTokenProvider:118 - Token does not exist or was not found in the provider's cache
2021-12-04 20:13:06 WARN  JwtTokenProvider:118 - Token does not exist or was not found in the provider's cache
2021-12-04 20:13:06 DEBUG CloudStorageMainController:45 - Authorization request: AuthenticationRequestDto(login=qwe, password=qwe, jwt=null, roles=null)
2021-12-04 20:13:06 DEBUG CloudStorageService:59 - User found:User(username=qwe, firstName=qwe, lastName=qwe, email=qwe, password=$2a$12$GTi79xU2kRWn3FA4DPKyVuQOdHvk1iOKzchiO0ZoRIAiKI7q6lMRW, roles=[Role{id: 1, name: ROLE_ADMIN}, Role{id: 2, name: ROLE_USER}]);
2021-12-04 20:13:06 DEBUG CloudStorageService:59 - User found:User(username=qwe, firstName=qwe, lastName=qwe, email=qwe, password=$2a$12$GTi79xU2kRWn3FA4DPKyVuQOdHvk1iOKzchiO0ZoRIAiKI7q6lMRW, roles=[Role{id: 1, name: ROLE_ADMIN}, Role{id: 2, name: ROLE_USER}]);
2021-12-04 20:13:06 INFO  JwtTokenProvider:77 - User - qwe issued a token: eyJhbGciOiJIUzI1NiJ9.eyJzdWIiOiJxd2UiLCJyb2xlcyI6WyJST0xFX0FETUlOIiwiUk9MRV9VU0VSIl0sImlhdCI6MTYzODYzNzk4NiwiZXhwIjoxNjM4NjQxNTg2fQ.WWc3DrC21u2HVKdGoxVV7l056dHbHSRBYWGflQfN2b4
2021-12-04 20:13:06 DEBUG CloudStorageService:59 - User found:User(username=qwe, firstName=qwe, lastName=qwe, email=qwe, password=$2a$12$GTi79xU2kRWn3FA4DPKyVuQOdHvk1iOKzchiO0ZoRIAiKI7q6lMRW, roles=[Role{id: 1, name: ROLE_ADMIN}, Role{id: 2, name: ROLE_USER}]);
2021-12-04 20:13:06 DEBUG CloudStorageMainController:68 - /list - response: []
2021-12-04 20:14:59 WARN  JwtTokenProvider:116 - Token does not exist or was not found in the provider's cache
2021-12-04 20:15:02 WARN  JwtTokenProvider:116 - Token does not exist or was not found in the provider's cache
2021-12-04 20:15:02 DEBUG CloudStorageMainController:45 - Authorization request: AuthenticationRequestDto(login=qwe, password=qwe, jwt=null, roles=null)
2021-12-04 20:15:02 DEBUG CloudStorageService:59 - User found:User(username=qwe, firstName=qwe, lastName=qwe, email=qwe, password=$2a$12$GTi79xU2kRWn3FA4DPKyVuQOdHvk1iOKzchiO0ZoRIAiKI7q6lMRW, roles=[Role{id: 1, name: ROLE_ADMIN}, Role{id: 2, name: ROLE_USER}]);
2021-12-04 20:15:02 DEBUG CloudStorageService:59 - User found:User(username=qwe, firstName=qwe, lastName=qwe, email=qwe, password=$2a$12$GTi79xU2kRWn3FA4DPKyVuQOdHvk1iOKzchiO0ZoRIAiKI7q6lMRW, roles=[Role{id: 1, name: ROLE_ADMIN}, Role{id: 2, name: ROLE_USER}]);
2021-12-04 20:15:02 INFO  JwtTokenProvider:78 - User - qwe issued a token: eyJhbGciOiJIUzI1NiJ9.eyJzdWIiOiJxd2UiLCJyb2xlcyI6WyJST0xFX0FETUlOIiwiUk9MRV9VU0VSIl0sImlhdCI6MTYzODYzODEwMiwiZXhwIjoxNjc0NjM4MTAyfQ.yHN1SzzxXcR5VlcchR45Ajr0O4w1mPYcdGXV98WfRIU
2021-12-04 20:15:03 DEBUG CloudStorageService:59 - User found:User(username=qwe, firstName=qwe, lastName=qwe, email=qwe, password=$2a$12$GTi79xU2kRWn3FA4DPKyVuQOdHvk1iOKzchiO0ZoRIAiKI7q6lMRW, roles=[Role{id: 1, name: ROLE_ADMIN}, Role{id: 2, name: ROLE_USER}]);
2021-12-04 20:15:03 DEBUG CloudStorageService:59 - User found:User(username=qwe, firstName=qwe, lastName=qwe, email=qwe, password=$2a$12$GTi79xU2kRWn3FA4DPKyVuQOdHvk1iOKzchiO0ZoRIAiKI7q6lMRW, roles=[Role{id: 1, name: ROLE_ADMIN}, Role{id: 2, name: ROLE_USER}]);
2021-12-04 20:16:09 WARN  JwtTokenProvider:118 - Token does not exist or was not found in the provider's cache
2021-12-04 20:16:12 WARN  JwtTokenProvider:118 - Token does not exist or was not found in the provider's cache
2021-12-04 20:16:12 DEBUG CloudStorageMainController:45 - Authorization request: AuthenticationRequestDto(login=qwe, password=qwe, jwt=null, roles=null)
2021-12-04 20:16:12 DEBUG CloudStorageService:59 - User found:User(username=qwe, firstName=qwe, lastName=qwe, email=qwe, password=$2a$12$GTi79xU2kRWn3FA4DPKyVuQOdHvk1iOKzchiO0ZoRIAiKI7q6lMRW, roles=[Role{id: 1, name: ROLE_ADMIN}, Role{id: 2, name: ROLE_USER}]);
2021-12-04 20:16:12 DEBUG CloudStorageService:59 - User found:User(username=qwe, firstName=qwe, lastName=qwe, email=qwe, password=$2a$12$GTi79xU2kRWn3FA4DPKyVuQOdHvk1iOKzchiO0ZoRIAiKI7q6lMRW, roles=[Role{id: 1, name: ROLE_ADMIN}, Role{id: 2, name: ROLE_USER}]);
2021-12-04 20:16:12 INFO  JwtTokenProvider:77 - User - qwe issued a token: eyJhbGciOiJIUzI1NiJ9.eyJzdWIiOiJxd2UiLCJyb2xlcyI6WyJST0xFX0FETUlOIiwiUk9MRV9VU0VSIl0sImlhdCI6MTYzODYzODE3MiwiZXhwIjoxNjM4NjQxNzcyfQ.ow4je0-W_PI4s2NnwWtPfBbZJfIldKgrUAqGsgFnPjY
2021-12-04 20:17:35 DEBUG CloudStorageService:59 - User found:User(username=qwe, firstName=qwe, lastName=qwe, email=qwe, password=$2a$12$GTi79xU2kRWn3FA4DPKyVuQOdHvk1iOKzchiO0ZoRIAiKI7q6lMRW, roles=[Role{id: 1, name: ROLE_ADMIN}, Role{id: 2, name: ROLE_USER}]);
2021-12-04 20:17:45 DEBUG CloudStorageService:59 - User found:User(username=qwe, firstName=qwe, lastName=qwe, email=qwe, password=$2a$12$GTi79xU2kRWn3FA4DPKyVuQOdHvk1iOKzchiO0ZoRIAiKI7q6lMRW, roles=[Role{id: 1, name: ROLE_ADMIN}, Role{id: 2, name: ROLE_USER}]);
2021-12-04 20:20:39 WARN  JwtTokenProvider:121 - Token does not exist or was not found in the provider's cache
2021-12-04 20:20:44 WARN  JwtTokenProvider:121 - Token does not exist or was not found in the provider's cache
2021-12-04 20:20:44 DEBUG CloudStorageMainController:45 - Authorization request: AuthenticationRequestDto(login=qwe, password=qwe, jwt=null, roles=null)
2021-12-04 20:20:44 DEBUG CloudStorageService:59 - User found:User(username=qwe, firstName=qwe, lastName=qwe, email=qwe, password=$2a$12$GTi79xU2kRWn3FA4DPKyVuQOdHvk1iOKzchiO0ZoRIAiKI7q6lMRW, roles=[Role{id: 1, name: ROLE_ADMIN}, Role{id: 2, name: ROLE_USER}]);
2021-12-04 20:20:44 DEBUG CloudStorageService:59 - User found:User(username=qwe, firstName=qwe, lastName=qwe, email=qwe, password=$2a$12$GTi79xU2kRWn3FA4DPKyVuQOdHvk1iOKzchiO0ZoRIAiKI7q6lMRW, roles=[Role{id: 1, name: ROLE_ADMIN}, Role{id: 2, name: ROLE_USER}]);
2021-12-04 20:20:44 INFO  JwtTokenProvider:77 - User - qwe issued a token: eyJhbGciOiJIUzI1NiJ9.eyJzdWIiOiJxd2UiLCJyb2xlcyI6WyJST0xFX0FETUlOIiwiUk9MRV9VU0VSIl0sImlhdCI6MTYzODYzODQ0NCwiZXhwIjoxNjM4NjQyMDQ0fQ.sVMNADHChKhe37S_gvtvvIskCEwFA_XXZlbRPmyDRIk
2021-12-04 20:20:44 DEBUG CloudStorageService:59 - User found:User(username=qwe, firstName=qwe, lastName=qwe, email=qwe, password=$2a$12$GTi79xU2kRWn3FA4DPKyVuQOdHvk1iOKzchiO0ZoRIAiKI7q6lMRW, roles=[Role{id: 1, name: ROLE_ADMIN}, Role{id: 2, name: ROLE_USER}]);
2021-12-04 20:20:44 DEBUG CloudStorageService:59 - User found:User(username=qwe, firstName=qwe, lastName=qwe, email=qwe, password=$2a$12$GTi79xU2kRWn3FA4DPKyVuQOdHvk1iOKzchiO0ZoRIAiKI7q6lMRW, roles=[Role{id: 1, name: ROLE_ADMIN}, Role{id: 2, name: ROLE_USER}]);
2021-12-04 20:21:26 WARN  JwtTokenProvider:121 - Token does not exist or was not found in the provider's cache
2021-12-04 20:21:29 WARN  JwtTokenProvider:121 - Token does not exist or was not found in the provider's cache
2021-12-04 20:21:29 DEBUG CloudStorageMainController:45 - Authorization request: AuthenticationRequestDto(login=qwe, password=qwe, jwt=null, roles=null)
2021-12-04 20:21:29 DEBUG CloudStorageService:59 - User found:User(username=qwe, firstName=qwe, lastName=qwe, email=qwe, password=$2a$12$GTi79xU2kRWn3FA4DPKyVuQOdHvk1iOKzchiO0ZoRIAiKI7q6lMRW, roles=[Role{id: 1, name: ROLE_ADMIN}, Role{id: 2, name: ROLE_USER}]);
2021-12-04 20:21:29 DEBUG CloudStorageService:59 - User found:User(username=qwe, firstName=qwe, lastName=qwe, email=qwe, password=$2a$12$GTi79xU2kRWn3FA4DPKyVuQOdHvk1iOKzchiO0ZoRIAiKI7q6lMRW, roles=[Role{id: 1, name: ROLE_ADMIN}, Role{id: 2, name: ROLE_USER}]);
2021-12-04 20:21:29 INFO  JwtTokenProvider:77 - User - qwe issued a token: eyJhbGciOiJIUzI1NiJ9.eyJzdWIiOiJxd2UiLCJyb2xlcyI6WyJST0xFX0FETUlOIiwiUk9MRV9VU0VSIl0sImlhdCI6MTYzODYzODQ4OSwiZXhwIjoxNjM4NjQyMDg5fQ.YEX2lChqPioOrvvMgBx-Ox_YkqgdrcdgFYSVFt_Ugkw
2021-12-04 20:21:29 DEBUG CloudStorageService:59 - User found:User(username=qwe, firstName=qwe, lastName=qwe, email=qwe, password=$2a$12$GTi79xU2kRWn3FA4DPKyVuQOdHvk1iOKzchiO0ZoRIAiKI7q6lMRW, roles=[Role{id: 1, name: ROLE_ADMIN}, Role{id: 2, name: ROLE_USER}]);
2021-12-04 20:21:29 DEBUG CloudStorageService:59 - User found:User(username=qwe, firstName=qwe, lastName=qwe, email=qwe, password=$2a$12$GTi79xU2kRWn3FA4DPKyVuQOdHvk1iOKzchiO0ZoRIAiKI7q6lMRW, roles=[Role{id: 1, name: ROLE_ADMIN}, Role{id: 2, name: ROLE_USER}]);
2021-12-04 20:22:26 WARN  JwtTokenProvider:121 - Token does not exist or was not found in the provider's cache
2021-12-04 20:22:29 WARN  JwtTokenProvider:121 - Token does not exist or was not found in the provider's cache
2021-12-04 20:22:29 DEBUG CloudStorageMainController:45 - Authorization request: AuthenticationRequestDto(login=qwe, password=qwe, jwt=null, roles=null)
2021-12-04 20:22:29 DEBUG CloudStorageService:59 - User found:User(username=qwe, firstName=qwe, lastName=qwe, email=qwe, password=$2a$12$GTi79xU2kRWn3FA4DPKyVuQOdHvk1iOKzchiO0ZoRIAiKI7q6lMRW, roles=[Role{id: 1, name: ROLE_ADMIN}, Role{id: 2, name: ROLE_USER}]);
2021-12-04 20:22:30 DEBUG CloudStorageService:59 - User found:User(username=qwe, firstName=qwe, lastName=qwe, email=qwe, password=$2a$12$GTi79xU2kRWn3FA4DPKyVuQOdHvk1iOKzchiO0ZoRIAiKI7q6lMRW, roles=[Role{id: 1, name: ROLE_ADMIN}, Role{id: 2, name: ROLE_USER}]);
2021-12-04 20:22:30 INFO  JwtTokenProvider:77 - User - qwe issued a token: eyJhbGciOiJIUzI1NiJ9.eyJzdWIiOiJxd2UiLCJyb2xlcyI6WyJST0xFX0FETUlOIiwiUk9MRV9VU0VSIl0sImlhdCI6MTYzODYzODU1MCwiZXhwIjoxNjM4NjQyMTUwfQ.FfxbagxpaAPG5VZ4mFOIB8Nxuhpg1YIs6DUWU5EaYqU
2021-12-04 20:22:30 DEBUG CloudStorageService:59 - User found:User(username=qwe, firstName=qwe, lastName=qwe, email=qwe, password=$2a$12$GTi79xU2kRWn3FA4DPKyVuQOdHvk1iOKzchiO0ZoRIAiKI7q6lMRW, roles=[Role{id: 1, name: ROLE_ADMIN}, Role{id: 2, name: ROLE_USER}]);
2021-12-04 20:22:30 DEBUG CloudStorageMainController:68 - /list - response: []
2021-12-04 20:24:19 DEBUG CloudStorageMainController:45 - Authorization request: AuthenticationRequestDto(login=qwe, password=qwe, jwt=null, roles=null)
2021-12-04 20:24:51 DEBUG CloudStorageMainController:45 - Authorization request: AuthenticationRequestDto(login=qwe, password=qwe, jwt=null, roles=null)
2021-12-04 20:25:13 DEBUG CloudStorageMainController:45 - Authorization request: AuthenticationRequestDto(login=qwe, password=qwe, jwt=null, roles=null)
2021-12-04 20:25:14 DEBUG CloudStorageMainController:45 - Authorization request: AuthenticationRequestDto(login=qwe, password=qwe, jwt=null, roles=null)
2021-12-04 20:25:15 DEBUG CloudStorageMainController:45 - Authorization request: AuthenticationRequestDto(login=qwe, password=qwe, jwt=null, roles=null)
2021-12-04 20:25:15 DEBUG CloudStorageMainController:45 - Authorization request: AuthenticationRequestDto(login=qwe, password=qwe, jwt=null, roles=null)
2021-12-04 20:25:15 DEBUG CloudStorageMainController:45 - Authorization request: AuthenticationRequestDto(login=qwe, password=qwe, jwt=null, roles=null)
2021-12-04 20:25:15 DEBUG CloudStorageMainController:45 - Authorization request: AuthenticationRequestDto(login=qwe, password=qwe, jwt=null, roles=null)
2021-12-04 20:25:15 DEBUG CloudStorageMainController:45 - Authorization request: AuthenticationRequestDto(login=qwe, password=qwe, jwt=null, roles=null)
2021-12-04 20:25:15 DEBUG CloudStorageMainController:45 - Authorization request: AuthenticationRequestDto(login=qwe, password=qwe, jwt=null, roles=null)
2021-12-04 20:25:16 DEBUG CloudStorageMainController:45 - Authorization request: AuthenticationRequestDto(login=qwe, password=qwe, jwt=null, roles=null)
2021-12-04 20:25:16 DEBUG CloudStorageMainController:45 - Authorization request: AuthenticationRequestDto(login=qwe, password=qwe, jwt=null, roles=null)
2021-12-04 20:25:16 DEBUG CloudStorageMainController:45 - Authorization request: AuthenticationRequestDto(login=qwe, password=qwe, jwt=null, roles=null)
2021-12-04 20:25:16 DEBUG CloudStorageMainController:45 - Authorization request: AuthenticationRequestDto(login=qwe, password=qwe, jwt=null, roles=null)
2021-12-04 20:25:46 DEBUG CloudStorageMainController:45 - Authorization request: AuthenticationRequestDto(login=qwe, password=qwe, jwt=null, roles=null)
2021-12-04 20:25:46 DEBUG CloudStorageService:59 - User found:User(username=qwe, firstName=qwe, lastName=qwe, email=qwe, password=$2a$12$GTi79xU2kRWn3FA4DPKyVuQOdHvk1iOKzchiO0ZoRIAiKI7q6lMRW, roles=[Role{id: 1, name: ROLE_ADMIN}, Role{id: 2, name: ROLE_USER}]);
2021-12-04 20:25:47 DEBUG CloudStorageService:59 - User found:User(username=qwe, firstName=qwe, lastName=qwe, email=qwe, password=$2a$12$GTi79xU2kRWn3FA4DPKyVuQOdHvk1iOKzchiO0ZoRIAiKI7q6lMRW, roles=[Role{id: 1, name: ROLE_ADMIN}, Role{id: 2, name: ROLE_USER}]);
2021-12-04 20:25:47 DEBUG CloudStorageService:59 - User found:User(username=qwe, firstName=qwe, lastName=qwe, email=qwe, password=$2a$12$GTi79xU2kRWn3FA4DPKyVuQOdHvk1iOKzchiO0ZoRIAiKI7q6lMRW, roles=[Role{id: 1, name: ROLE_ADMIN}, Role{id: 2, name: ROLE_USER}]);
2021-12-04 20:25:47 DEBUG CloudStorageService:59 - User found:User(username=qwe, firstName=qwe, lastName=qwe, email=qwe, password=$2a$12$GTi79xU2kRWn3FA4DPKyVuQOdHvk1iOKzchiO0ZoRIAiKI7q6lMRW, roles=[Role{id: 1, name: ROLE_ADMIN}, Role{id: 2, name: ROLE_USER}]);
2021-12-04 20:25:52 DEBUG CloudStorageMainController:45 - Authorization request: AuthenticationRequestDto(login=qwe, password=qwe, jwt=null, roles=null)
2021-12-04 20:25:52 DEBUG CloudStorageService:59 - User found:User(username=qwe, firstName=qwe, lastName=qwe, email=qwe, password=$2a$12$GTi79xU2kRWn3FA4DPKyVuQOdHvk1iOKzchiO0ZoRIAiKI7q6lMRW, roles=[Role{id: 1, name: ROLE_ADMIN}, Role{id: 2, name: ROLE_USER}]);
2021-12-04 20:25:52 DEBUG CloudStorageService:59 - User found:User(username=qwe, firstName=qwe, lastName=qwe, email=qwe, password=$2a$12$GTi79xU2kRWn3FA4DPKyVuQOdHvk1iOKzchiO0ZoRIAiKI7q6lMRW, roles=[Role{id: 1, name: ROLE_ADMIN}, Role{id: 2, name: ROLE_USER}]);
2021-12-04 20:25:53 DEBUG CloudStorageService:59 - User found:User(username=qwe, firstName=qwe, lastName=qwe, email=qwe, password=$2a$12$GTi79xU2kRWn3FA4DPKyVuQOdHvk1iOKzchiO0ZoRIAiKI7q6lMRW, roles=[Role{id: 1, name: ROLE_ADMIN}, Role{id: 2, name: ROLE_USER}]);
2021-12-04 20:25:53 DEBUG CloudStorageService:59 - User found:User(username=qwe, firstName=qwe, lastName=qwe, email=qwe, password=$2a$12$GTi79xU2kRWn3FA4DPKyVuQOdHvk1iOKzchiO0ZoRIAiKI7q6lMRW, roles=[Role{id: 1, name: ROLE_ADMIN}, Role{id: 2, name: ROLE_USER}]);
2021-12-04 20:26:54 DEBUG CloudStorageMainController:45 - Authorization request: AuthenticationRequestDto(login=qwe, password=qwe, jwt=null, roles=null)
2021-12-04 20:26:55 DEBUG CloudStorageService:59 - User found:User(username=qwe, firstName=qwe, lastName=qwe, email=qwe, password=$2a$12$GTi79xU2kRWn3FA4DPKyVuQOdHvk1iOKzchiO0ZoRIAiKI7q6lMRW, roles=[Role{id: 1, name: ROLE_ADMIN}, Role{id: 2, name: ROLE_USER}]);
2021-12-04 20:26:55 DEBUG CloudStorageService:59 - User found:User(username=qwe, firstName=qwe, lastName=qwe, email=qwe, password=$2a$12$GTi79xU2kRWn3FA4DPKyVuQOdHvk1iOKzchiO0ZoRIAiKI7q6lMRW, roles=[Role{id: 1, name: ROLE_ADMIN}, Role{id: 2, name: ROLE_USER}]);
2021-12-04 20:26:55 DEBUG CloudStorageService:59 - User found:User(username=qwe, firstName=qwe, lastName=qwe, email=qwe, password=$2a$12$GTi79xU2kRWn3FA4DPKyVuQOdHvk1iOKzchiO0ZoRIAiKI7q6lMRW, roles=[Role{id: 1, name: ROLE_ADMIN}, Role{id: 2, name: ROLE_USER}]);
2021-12-04 20:26:55 DEBUG CloudStorageService:59 - User found:User(username=qwe, firstName=qwe, lastName=qwe, email=qwe, password=$2a$12$GTi79xU2kRWn3FA4DPKyVuQOdHvk1iOKzchiO0ZoRIAiKI7q6lMRW, roles=[Role{id: 1, name: ROLE_ADMIN}, Role{id: 2, name: ROLE_USER}]);
2021-12-04 20:27:03 DEBUG CloudStorageService:59 - User found:User(username=qwe, firstName=qwe, lastName=qwe, email=qwe, password=$2a$12$GTi79xU2kRWn3FA4DPKyVuQOdHvk1iOKzchiO0ZoRIAiKI7q6lMRW, roles=[Role{id: 1, name: ROLE_ADMIN}, Role{id: 2, name: ROLE_USER}]);
2021-12-04 20:27:03 DEBUG CloudStorageMainController:84 - /file request: FileRequestDto(rqUserToken=Bearer eyJhbGciOiJIUzI1NiJ9.eyJzdWIiOiJxd2UiLCJyb2xlcyI6WyJST0xFX0FETUlOIiwiUk9MRV9VU0VSIl0sImlhdCI6MTYzODYzODgxNSwiZXhwIjoxNjM4NjQ0ODE1fQ.SXN1TWE8Pv2bcpr9LMIkRXiSR_nU7wE-qinJagaY3bs, fileName=СОГЛАСИЕ.pdf, limit=0, fileSize=258815, fileBytes=null, file=org.springframework.web.multipart.support.StandardMultipartHttpServletRequest$StandardMultipartFile@11975704)
2021-12-04 20:27:03 ERROR CloudStorageService:92 - null
[ru.netology.cloudstorage.service.CloudStorageService.getUserId(CloudStorageService.java:65), ru.netology.cloudstorage.service.CloudStorageService.saveNewFile(CloudStorageService.java:76), ru.netology.cloudstorage.controller.CloudStorageMainController.addNewFile(CloudStorageMainController.java:85), java.base/jdk.internal.reflect.NativeMethodAccessorImpl.invoke0(Native Method), java.base/jdk.internal.reflect.NativeMethodAccessorImpl.invoke(NativeMethodAccessorImpl.java:62), java.base/jdk.internal.reflect.DelegatingMethodAccessorImpl.invoke(DelegatingMethodAccessorImpl.java:43), java.base/java.lang.reflect.Method.invoke(Method.java:566), org.springframework.web.method.support.InvocableHandlerMethod.doInvoke(InvocableHandlerMethod.java:205), org.springframework.web.method.support.InvocableHandlerMethod.invokeForRequest(InvocableHandlerMethod.java:150), org.springframework.web.servlet.mvc.method.annotation.ServletInvocableHandlerMethod.invokeAndHandle(ServletInvocableHandlerMethod.java:117), org.springframework.web.servlet.mvc.method.annotation.RequestMappingHandlerAdapter.invokeHandlerMethod(RequestMappingHandlerAdapter.java:895), org.springframework.web.servlet.mvc.method.annotation.RequestMappingHandlerAdapter.handleInternal(RequestMappingHandlerAdapter.java:808), org.springframework.web.servlet.mvc.method.AbstractHandlerMethodAdapter.handle(AbstractHandlerMethodAdapter.java:87), org.springframework.web.servlet.DispatcherServlet.doDispatch(DispatcherServlet.java:1067), org.springframework.web.servlet.DispatcherServlet.doService(DispatcherServlet.java:963), org.springframework.web.servlet.FrameworkServlet.processRequest(FrameworkServlet.java:1006), org.springframework.web.servlet.FrameworkServlet.doPost(FrameworkServlet.java:909), javax.servlet.http.HttpServlet.service(HttpServlet.java:681), org.springframework.web.servlet.FrameworkServlet.service(FrameworkServlet.java:883), javax.servlet.http.HttpServlet.service(HttpServlet.java:764), org.apache.catalina.core.ApplicationFilterChain.internalDoFilter(ApplicationFilterChain.java:227), org.apache.catalina.core.ApplicationFilterChain.doFilter(ApplicationFilterChain.java:162), org.apache.tomcat.websocket.server.WsFilter.doFilter(WsFilter.java:53), org.apache.catalina.core.ApplicationFilterChain.internalDoFilter(ApplicationFilterChain.java:189), org.apache.catalina.core.ApplicationFilterChain.doFilter(ApplicationFilterChain.java:162), org.springframework.security.web.FilterChainProxy$VirtualFilterChain.doFilter(FilterChainProxy.java:327), org.springframework.security.web.access.intercept.FilterSecurityInterceptor.invoke(FilterSecurityInterceptor.java:115), org.springframework.security.web.access.intercept.FilterSecurityInterceptor.doFilter(FilterSecurityInterceptor.java:81), org.springframework.security.web.FilterChainProxy$VirtualFilterChain.doFilter(FilterChainProxy.java:336), org.springframework.security.web.access.ExceptionTranslationFilter.doFilter(ExceptionTranslationFilter.java:121), org.springframework.security.web.access.ExceptionTranslationFilter.doFilter(ExceptionTranslationFilter.java:115), org.springframework.security.web.FilterChainProxy$VirtualFilterChain.doFilter(FilterChainProxy.java:336), org.springframework.security.web.session.SessionManagementFilter.doFilter(SessionManagementFilter.java:126), org.springframework.security.web.session.SessionManagementFilter.doFilter(SessionManagementFilter.java:81), org.springframework.security.web.FilterChainProxy$VirtualFilterChain.doFilter(FilterChainProxy.java:336), org.springframework.security.web.authentication.AnonymousAuthenticationFilter.doFilter(AnonymousAuthenticationFilter.java:105), org.springframework.security.web.FilterChainProxy$VirtualFilterChain.doFilter(FilterChainProxy.java:336), org.springframework.security.web.servletapi.SecurityContextHolderAwareRequestFilter.doFilter(SecurityContextHolderAwareRequestFilter.java:149), org.springframework.security.web.FilterChainProxy$VirtualFilterChain.doFilter(FilterChainProxy.java:336), org.springframework.security.web.savedrequest.RequestCacheAwareFilter.doFilter(RequestCacheAwareFilter.java:63), org.springframework.security.web.FilterChainProxy$VirtualFilterChain.doFilter(FilterChainProxy.java:336), ru.netology.cloudstorage.security.jwt.JwtTokenFilter.doFilter(JwtTokenFilter.java:40), org.springframework.security.web.FilterChainProxy$VirtualFilterChain.doFilter(FilterChainProxy.java:336), org.springframework.security.web.authentication.logout.LogoutFilter.doFilter(LogoutFilter.java:103), org.springframework.security.web.authentication.logout.LogoutFilter.doFilter(LogoutFilter.java:89), org.springframework.security.web.FilterChainProxy$VirtualFilterChain.doFilter(FilterChainProxy.java:336), org.springframework.web.filter.CorsFilter.doFilterInternal(CorsFilter.java:91), org.springframework.web.filter.OncePerRequestFilter.doFilter(OncePerRequestFilter.java:119), org.springframework.security.web.FilterChainProxy$VirtualFilterChain.doFilter(FilterChainProxy.java:336), org.springframework.security.web.header.HeaderWriterFilter.doHeadersAfter(HeaderWriterFilter.java:90), org.springframework.security.web.header.HeaderWriterFilter.doFilterInternal(HeaderWriterFilter.java:75), org.springframework.web.filter.OncePerRequestFilter.doFilter(OncePerRequestFilter.java:119), org.springframework.security.web.FilterChainProxy$VirtualFilterChain.doFilter(FilterChainProxy.java:336), org.springframework.security.web.context.SecurityContextPersistenceFilter.doFilter(SecurityContextPersistenceFilter.java:110), org.springframework.security.web.context.SecurityContextPersistenceFilter.doFilter(SecurityContextPersistenceFilter.java:80), org.springframework.security.web.FilterChainProxy$VirtualFilterChain.doFilter(FilterChainProxy.java:336), org.springframework.security.web.context.request.async.WebAsyncManagerIntegrationFilter.doFilterInternal(WebAsyncManagerIntegrationFilter.java:55), org.springframework.web.filter.OncePerRequestFilter.doFilter(OncePerRequestFilter.java:119), org.springframework.security.web.FilterChainProxy$VirtualFilterChain.doFilter(FilterChainProxy.java:336), org.springframework.security.web.FilterChainProxy.doFilterInternal(FilterChainProxy.java:211), org.springframework.security.web.FilterChainProxy.doFilter(FilterChainProxy.java:183), org.springframework.web.filter.DelegatingFilterProxy.invokeDelegate(DelegatingFilterProxy.java:358), org.springframework.web.filter.DelegatingFilterProxy.doFilter(DelegatingFilterProxy.java:271), org.apache.catalina.core.ApplicationFilterChain.internalDoFilter(ApplicationFilterChain.java:189), org.apache.catalina.core.ApplicationFilterChain.doFilter(ApplicationFilterChain.java:162), org.springframework.web.filter.RequestContextFilter.doFilterInternal(RequestContextFilter.java:100), org.springframework.web.filter.OncePerRequestFilter.doFilter(OncePerRequestFilter.java:119), org.apache.catalina.core.ApplicationFilterChain.internalDoFilter(ApplicationFilterChain.java:189), org.apache.catalina.core.ApplicationFilterChain.doFilter(ApplicationFilterChain.java:162), org.springframework.web.filter.FormContentFilter.doFilterInternal(FormContentFilter.java:93), org.springframework.web.filter.OncePerRequestFilter.doFilter(OncePerRequestFilter.java:119), org.apache.catalina.core.ApplicationFilterChain.internalDoFilter(ApplicationFilterChain.java:189), org.apache.catalina.core.ApplicationFilterChain.doFilter(ApplicationFilterChain.java:162), org.springframework.web.filter.CharacterEncodingFilter.doFilterInternal(CharacterEncodingFilter.java:201), org.springframework.web.filter.OncePerRequestFilter.doFilter(OncePerRequestFilter.java:119), org.apache.catalina.core.ApplicationFilterChain.internalDoFilter(ApplicationFilterChain.java:189), org.apache.catalina.core.ApplicationFilterChain.doFilter(ApplicationFilterChain.java:162), org.apache.catalina.core.StandardWrapperValve.invoke(StandardWrapperValve.java:197), org.apache.catalina.core.StandardContextValve.invoke(StandardContextValve.java:97), org.apache.catalina.authenticator.AuthenticatorBase.invoke(AuthenticatorBase.java:540), org.apache.catalina.core.StandardHostValve.invoke(StandardHostValve.java:135), org.apache.catalina.valves.ErrorReportValve.invoke(ErrorReportValve.java:92), org.apache.catalina.core.StandardEngineValve.invoke(StandardEngineValve.java:78), org.apache.catalina.connector.CoyoteAdapter.service(CoyoteAdapter.java:357), org.apache.coyote.http11.Http11Processor.service(Http11Processor.java:382), org.apache.coyote.AbstractProcessorLight.process(AbstractProcessorLight.java:65), org.apache.coyote.AbstractProtocol$ConnectionHandler.process(AbstractProtocol.java:895), org.apache.tomcat.util.net.NioEndpoint$SocketProcessor.doRun(NioEndpoint.java:1722), org.apache.tomcat.util.net.SocketProcessorBase.run(SocketProcessorBase.java:49), org.apache.tomcat.util.threads.ThreadPoolExecutor.runWorker(ThreadPoolExecutor.java:1191), org.apache.tomcat.util.threads.ThreadPoolExecutor$Worker.run(ThreadPoolExecutor.java:659), org.apache.tomcat.util.threads.TaskThread$WrappingRunnable.run(TaskThread.java:61), java.base/java.lang.Thread.run(Thread.java:829)]
2021-12-04 20:27:49 DEBUG CloudStorageMainController:45 - Authorization request: AuthenticationRequestDto(login=qwe, password=qwe, jwt=null, roles=null)
2021-12-04 20:27:49 DEBUG CloudStorageService:59 - User found:User(username=qwe, firstName=qwe, lastName=qwe, email=qwe, password=$2a$12$GTi79xU2kRWn3FA4DPKyVuQOdHvk1iOKzchiO0ZoRIAiKI7q6lMRW, roles=[Role{id: 1, name: ROLE_ADMIN}, Role{id: 2, name: ROLE_USER}]);
2021-12-04 20:27:49 DEBUG CloudStorageService:59 - User found:User(username=qwe, firstName=qwe, lastName=qwe, email=qwe, password=$2a$12$GTi79xU2kRWn3FA4DPKyVuQOdHvk1iOKzchiO0ZoRIAiKI7q6lMRW, roles=[Role{id: 1, name: ROLE_ADMIN}, Role{id: 2, name: ROLE_USER}]);
2021-12-04 20:27:49 DEBUG CloudStorageService:59 - User found:User(username=qwe, firstName=qwe, lastName=qwe, email=qwe, password=$2a$12$GTi79xU2kRWn3FA4DPKyVuQOdHvk1iOKzchiO0ZoRIAiKI7q6lMRW, roles=[Role{id: 1, name: ROLE_ADMIN}, Role{id: 2, name: ROLE_USER}]);
2021-12-04 20:27:49 DEBUG CloudStorageService:59 - User found:User(username=qwe, firstName=qwe, lastName=qwe, email=qwe, password=$2a$12$GTi79xU2kRWn3FA4DPKyVuQOdHvk1iOKzchiO0ZoRIAiKI7q6lMRW, roles=[Role{id: 1, name: ROLE_ADMIN}, Role{id: 2, name: ROLE_USER}]);
2021-12-04 20:30:14 DEBUG CloudStorageMainController:45 - Authorization request: AuthenticationRequestDto(login=qwe, password=qwe, jwt=null, roles=null)
2021-12-04 20:30:14 DEBUG CloudStorageService:59 - User found:User(username=qwe, firstName=qwe, lastName=qwe, email=qwe, password=$2a$12$GTi79xU2kRWn3FA4DPKyVuQOdHvk1iOKzchiO0ZoRIAiKI7q6lMRW, roles=[Role{id: 1, name: ROLE_ADMIN}, Role{id: 2, name: ROLE_USER}]);
2021-12-04 20:30:15 DEBUG CloudStorageService:59 - User found:User(username=qwe, firstName=qwe, lastName=qwe, email=qwe, password=$2a$12$GTi79xU2kRWn3FA4DPKyVuQOdHvk1iOKzchiO0ZoRIAiKI7q6lMRW, roles=[Role{id: 1, name: ROLE_ADMIN}, Role{id: 2, name: ROLE_USER}]);
2021-12-04 20:30:15 DEBUG CloudStorageService:59 - User found:User(username=qwe, firstName=qwe, lastName=qwe, email=qwe, password=$2a$12$GTi79xU2kRWn3FA4DPKyVuQOdHvk1iOKzchiO0ZoRIAiKI7q6lMRW, roles=[Role{id: 1, name: ROLE_ADMIN}, Role{id: 2, name: ROLE_USER}]);
2021-12-04 20:30:15 DEBUG CloudStorageService:59 - User found:User(username=qwe, firstName=qwe, lastName=qwe, email=qwe, password=$2a$12$GTi79xU2kRWn3FA4DPKyVuQOdHvk1iOKzchiO0ZoRIAiKI7q6lMRW, roles=[Role{id: 1, name: ROLE_ADMIN}, Role{id: 2, name: ROLE_USER}]);
2021-12-04 20:31:40 DEBUG CloudStorageMainController:45 - Authorization request: AuthenticationRequestDto(login=qwe, password=qwe, jwt=null, roles=null)
2021-12-04 20:31:40 DEBUG CloudStorageService:59 - User found:User(username=qwe, firstName=qwe, lastName=qwe, email=qwe, password=$2a$12$GTi79xU2kRWn3FA4DPKyVuQOdHvk1iOKzchiO0ZoRIAiKI7q6lMRW, roles=[Role{id: 1, name: ROLE_ADMIN}, Role{id: 2, name: ROLE_USER}]);
2021-12-04 20:31:41 DEBUG CloudStorageService:59 - User found:User(username=qwe, firstName=qwe, lastName=qwe, email=qwe, password=$2a$12$GTi79xU2kRWn3FA4DPKyVuQOdHvk1iOKzchiO0ZoRIAiKI7q6lMRW, roles=[Role{id: 1, name: ROLE_ADMIN}, Role{id: 2, name: ROLE_USER}]);
2021-12-04 20:31:41 DEBUG CloudStorageService:59 - User found:User(username=qwe, firstName=qwe, lastName=qwe, email=qwe, password=$2a$12$GTi79xU2kRWn3FA4DPKyVuQOdHvk1iOKzchiO0ZoRIAiKI7q6lMRW, roles=[Role{id: 1, name: ROLE_ADMIN}, Role{id: 2, name: ROLE_USER}]);
2021-12-04 20:31:41 DEBUG CloudStorageService:59 - User found:User(username=qwe, firstName=qwe, lastName=qwe, email=qwe, password=$2a$12$GTi79xU2kRWn3FA4DPKyVuQOdHvk1iOKzchiO0ZoRIAiKI7q6lMRW, roles=[Role{id: 1, name: ROLE_ADMIN}, Role{id: 2, name: ROLE_USER}]);
2021-12-04 20:33:02 DEBUG CloudStorageMainController:45 - Authorization request: AuthenticationRequestDto(login=qwe, password=qwe, jwt=null, roles=null)
2021-12-04 20:33:02 DEBUG CloudStorageService:59 - User found:User(username=qwe, firstName=qwe, lastName=qwe, email=qwe, password=$2a$12$GTi79xU2kRWn3FA4DPKyVuQOdHvk1iOKzchiO0ZoRIAiKI7q6lMRW, roles=[Role{id: 1, name: ROLE_ADMIN}, Role{id: 2, name: ROLE_USER}]);
2021-12-04 20:33:03 DEBUG CloudStorageService:59 - User found:User(username=qwe, firstName=qwe, lastName=qwe, email=qwe, password=$2a$12$GTi79xU2kRWn3FA4DPKyVuQOdHvk1iOKzchiO0ZoRIAiKI7q6lMRW, roles=[Role{id: 1, name: ROLE_ADMIN}, Role{id: 2, name: ROLE_USER}]);
2021-12-04 20:33:03 DEBUG CloudStorageService:59 - User found:User(username=qwe, firstName=qwe, lastName=qwe, email=qwe, password=$2a$12$GTi79xU2kRWn3FA4DPKyVuQOdHvk1iOKzchiO0ZoRIAiKI7q6lMRW, roles=[Role{id: 1, name: ROLE_ADMIN}, Role{id: 2, name: ROLE_USER}]);
2021-12-04 20:33:03 DEBUG CloudStorageService:59 - User found:User(username=qwe, firstName=qwe, lastName=qwe, email=qwe, password=$2a$12$GTi79xU2kRWn3FA4DPKyVuQOdHvk1iOKzchiO0ZoRIAiKI7q6lMRW, roles=[Role{id: 1, name: ROLE_ADMIN}, Role{id: 2, name: ROLE_USER}]);
2021-12-04 20:34:02 DEBUG CloudStorageMainController:45 - Authorization request: AuthenticationRequestDto(login=qwe, password=qwe, jwt=null, roles=null)
2021-12-04 20:34:02 DEBUG CloudStorageService:59 - User found:User(username=qwe, firstName=qwe, lastName=qwe, email=qwe, password=$2a$12$GTi79xU2kRWn3FA4DPKyVuQOdHvk1iOKzchiO0ZoRIAiKI7q6lMRW, roles=[Role{id: 1, name: ROLE_ADMIN}, Role{id: 2, name: ROLE_USER}]);
2021-12-04 20:34:02 DEBUG CloudStorageService:59 - User found:User(username=qwe, firstName=qwe, lastName=qwe, email=qwe, password=$2a$12$GTi79xU2kRWn3FA4DPKyVuQOdHvk1iOKzchiO0ZoRIAiKI7q6lMRW, roles=[Role{id: 1, name: ROLE_ADMIN}, Role{id: 2, name: ROLE_USER}]);
2021-12-04 20:34:02 DEBUG CloudStorageService:59 - User found:User(username=qwe, firstName=qwe, lastName=qwe, email=qwe, password=$2a$12$GTi79xU2kRWn3FA4DPKyVuQOdHvk1iOKzchiO0ZoRIAiKI7q6lMRW, roles=[Role{id: 1, name: ROLE_ADMIN}, Role{id: 2, name: ROLE_USER}]);
2021-12-04 20:34:02 DEBUG CloudStorageService:59 - User found:User(username=qwe, firstName=qwe, lastName=qwe, email=qwe, password=$2a$12$GTi79xU2kRWn3FA4DPKyVuQOdHvk1iOKzchiO0ZoRIAiKI7q6lMRW, roles=[Role{id: 1, name: ROLE_ADMIN}, Role{id: 2, name: ROLE_USER}]);
2021-12-04 20:35:16 DEBUG CloudStorageMainController:45 - Authorization request: AuthenticationRequestDto(login=qwe, password=qwe, jwt=null, roles=null)
2021-12-04 20:35:16 DEBUG CloudStorageService:59 - User found:User(username=qwe, firstName=qwe, lastName=qwe, email=qwe, password=$2a$12$GTi79xU2kRWn3FA4DPKyVuQOdHvk1iOKzchiO0ZoRIAiKI7q6lMRW, roles=[Role{id: 1, name: ROLE_ADMIN}, Role{id: 2, name: ROLE_USER}]);
2021-12-04 20:35:16 DEBUG CloudStorageService:59 - User found:User(username=qwe, firstName=qwe, lastName=qwe, email=qwe, password=$2a$12$GTi79xU2kRWn3FA4DPKyVuQOdHvk1iOKzchiO0ZoRIAiKI7q6lMRW, roles=[Role{id: 1, name: ROLE_ADMIN}, Role{id: 2, name: ROLE_USER}]);
2021-12-04 20:35:16 DEBUG CloudStorageService:59 - User found:User(username=qwe, firstName=qwe, lastName=qwe, email=qwe, password=$2a$12$GTi79xU2kRWn3FA4DPKyVuQOdHvk1iOKzchiO0ZoRIAiKI7q6lMRW, roles=[Role{id: 1, name: ROLE_ADMIN}, Role{id: 2, name: ROLE_USER}]);
2021-12-04 20:35:16 DEBUG CloudStorageMainController:68 - /list - response: []
2021-12-04 20:35:21 DEBUG CloudStorageService:59 - User found:User(username=qwe, firstName=qwe, lastName=qwe, email=qwe, password=$2a$12$GTi79xU2kRWn3FA4DPKyVuQOdHvk1iOKzchiO0ZoRIAiKI7q6lMRW, roles=[Role{id: 1, name: ROLE_ADMIN}, Role{id: 2, name: ROLE_USER}]);
2021-12-04 20:35:21 DEBUG CloudStorageMainController:84 - /file request: FileRequestDto(rqUserToken=Bearer eyJhbGciOiJIUzI1NiJ9.eyJzdWIiOiJxd2UiLCJyb2xlcyI6WyJST0xFX0FETUlOIiwiUk9MRV9VU0VSIl0sImlhdCI6MTYzODYzOTMxNiwiZXhwIjoxNjM4NjQyOTE2fQ.YAhZoQIz1liha6ItVzJR2hRfVDdN1Y5kSCyfcd2Hwx4, fileName=СОГЛАСИЕ.pdf, limit=0, fileSize=258815, fileBytes=null, file=org.springframework.web.multipart.support.StandardMultipartHttpServletRequest$StandardMultipartFile@4d6a7cc9)
2021-12-04 20:35:21 DEBUG CloudStorageService:84 - СОГЛАСИЕ.pdf - 258815
2021-12-04 20:35:23 DEBUG CloudStorageService:59 - User found:User(username=qwe, firstName=qwe, lastName=qwe, email=qwe, password=$2a$12$GTi79xU2kRWn3FA4DPKyVuQOdHvk1iOKzchiO0ZoRIAiKI7q6lMRW, roles=[Role{id: 1, name: ROLE_ADMIN}, Role{id: 2, name: ROLE_USER}]);
2021-12-04 20:35:23 DEBUG CloudStorageMainController:68 - /list - response: [FileResponseDto(fileName=СОГЛАСИЕ.pdf, size=258815)]
2021-12-04 20:39:10 DEBUG CloudStorageMainController:45 - Authorization request: AuthenticationRequestDto(login=qwe, password=qwe, jwt=null, roles=null)
2021-12-04 20:39:10 DEBUG CloudStorageService:52 - User found:User(username=qwe, firstName=qwe, lastName=qwe, email=qwe, password=$2a$12$GTi79xU2kRWn3FA4DPKyVuQOdHvk1iOKzchiO0ZoRIAiKI7q6lMRW, roles=[Role{id: 1, name: ROLE_ADMIN}, Role{id: 2, name: ROLE_USER}]);
2021-12-04 20:39:10 INFO  JwtCloudStorageDetails:36 - User with username:qwe successfully loaded
2021-12-04 20:39:10 DEBUG CloudStorageService:52 - User found:User(username=qwe, firstName=qwe, lastName=qwe, email=qwe, password=$2a$12$GTi79xU2kRWn3FA4DPKyVuQOdHvk1iOKzchiO0ZoRIAiKI7q6lMRW, roles=[Role{id: 1, name: ROLE_ADMIN}, Role{id: 2, name: ROLE_USER}]);
2021-12-04 20:39:10 DEBUG CloudStorageService:52 - User found:User(username=qwe, firstName=qwe, lastName=qwe, email=qwe, password=$2a$12$GTi79xU2kRWn3FA4DPKyVuQOdHvk1iOKzchiO0ZoRIAiKI7q6lMRW, roles=[Role{id: 1, name: ROLE_ADMIN}, Role{id: 2, name: ROLE_USER}]);
2021-12-04 20:39:10 INFO  JwtCloudStorageDetails:36 - User with username:qwe successfully loaded
2021-12-04 20:39:10 DEBUG CloudStorageMainController:68 - /list - response: [FileResponseDto(fileName=СОГЛАСИЕ.pdf, size=258815)]
2021-12-04 20:39:13 DEBUG CloudStorageService:52 - User found:User(username=qwe, firstName=qwe, lastName=qwe, email=qwe, password=$2a$12$GTi79xU2kRWn3FA4DPKyVuQOdHvk1iOKzchiO0ZoRIAiKI7q6lMRW, roles=[Role{id: 1, name: ROLE_ADMIN}, Role{id: 2, name: ROLE_USER}]);
2021-12-04 20:39:13 INFO  JwtCloudStorageDetails:36 - User with username:qwe successfully loaded
2021-12-04 20:39:13 DEBUG CloudStorageMainController:84 - /file request: FileRequestDto(rqUserToken=Bearer eyJhbGciOiJIUzI1NiJ9.eyJzdWIiOiJxd2UiLCJyb2xlcyI6WyJST0xFX0FETUlOIiwiUk9MRV9VU0VSIl0sImlhdCI6MTYzODYzOTU1MCwiZXhwIjoxNjM4NjQzMTUwfQ.WJ74_EfyP3-5_pxN1ekh2DB-p7EQsPvTdOHct1kdCEY, fileName=СОГЛАСИЕ.pdf, limit=0, fileSize=258815, fileBytes=null, file=org.springframework.web.multipart.support.StandardMultipartHttpServletRequest$StandardMultipartFile@77d88c34)
2021-12-04 20:39:13 DEBUG CloudStorageService:75 - СОГЛАСИЕ.pdf - 258815
2021-12-04 20:39:13 WARN  CloudStorageService:80 - The file was not saved. There is a copy;
2021-12-04 20:40:09 DEBUG CloudStorageService:52 - User found:User(username=qwe, firstName=qwe, lastName=qwe, email=qwe, password=$2a$12$GTi79xU2kRWn3FA4DPKyVuQOdHvk1iOKzchiO0ZoRIAiKI7q6lMRW, roles=[Role{id: 1, name: ROLE_ADMIN}, Role{id: 2, name: ROLE_USER}]);
2021-12-04 20:40:09 INFO  JwtCloudStorageDetails:36 - User with username:qwe successfully loaded
2021-12-04 20:40:09 DEBUG CloudStorageMainController:84 - /file request: FileRequestDto(rqUserToken=Bearer eyJhbGciOiJIUzI1NiJ9.eyJzdWIiOiJxd2UiLCJyb2xlcyI6WyJST0xFX0FETUlOIiwiUk9MRV9VU0VSIl0sImlhdCI6MTYzODYzOTU1MCwiZXhwIjoxNjM4NjQzMTUwfQ.WJ74_EfyP3-5_pxN1ekh2DB-p7EQsPvTdOHct1kdCEY, fileName=1079_140620.torrent, limit=0, fileSize=22006, fileBytes=null, file=org.springframework.web.multipart.support.StandardMultipartHttpServletRequest$StandardMultipartFile@443afd4a)
2021-12-04 20:40:09 DEBUG CloudStorageService:75 - 1079_140620.torrent - 22006
2021-12-04 20:40:11 DEBUG CloudStorageService:52 - User found:User(username=qwe, firstName=qwe, lastName=qwe, email=qwe, password=$2a$12$GTi79xU2kRWn3FA4DPKyVuQOdHvk1iOKzchiO0ZoRIAiKI7q6lMRW, roles=[Role{id: 1, name: ROLE_ADMIN}, Role{id: 2, name: ROLE_USER}]);
2021-12-04 20:40:11 INFO  JwtCloudStorageDetails:36 - User with username:qwe successfully loaded
2021-12-04 20:40:11 DEBUG CloudStorageMainController:68 - /list - response: [FileResponseDto(fileName=1079_140620.torrent, size=22006), FileResponseDto(fileName=СОГЛАСИЕ.pdf, size=258815)]
2021-12-05 01:51:07 DEBUG CloudStorageMainController:45 - Authorization request: AuthenticationRequestDto(login=qwe, password=qwe, jwt=null, roles=null)
2021-12-05 01:51:08 DEBUG CloudStorageService:52 - User found:User(username=qwe, firstName=qwe, lastName=qwe, email=qwe, password=$2a$12$GTi79xU2kRWn3FA4DPKyVuQOdHvk1iOKzchiO0ZoRIAiKI7q6lMRW, roles=[Role{id: 1, name: ROLE_ADMIN}, Role{id: 2, name: ROLE_USER}]);
2021-12-05 01:51:08 INFO  JwtCloudStorageDetails:36 - User with username:qwe successfully loaded
2021-12-05 01:51:09 DEBUG CloudStorageService:52 - User found:User(username=qwe, firstName=qwe, lastName=qwe, email=qwe, password=$2a$12$GTi79xU2kRWn3FA4DPKyVuQOdHvk1iOKzchiO0ZoRIAiKI7q6lMRW, roles=[Role{id: 1, name: ROLE_ADMIN}, Role{id: 2, name: ROLE_USER}]);
2021-12-05 01:52:03 DEBUG CloudStorageMainController:45 - Authorization request: AuthenticationRequestDto(login=qwe, password=qwe, jwt=null, roles=null)
2021-12-05 01:52:03 DEBUG CloudStorageService:52 - User found:User(username=qwe, firstName=qwe, lastName=qwe, email=qwe, password=$2a$12$GTi79xU2kRWn3FA4DPKyVuQOdHvk1iOKzchiO0ZoRIAiKI7q6lMRW, roles=[Role{id: 1, name: ROLE_ADMIN}, Role{id: 2, name: ROLE_USER}]);
2021-12-05 01:52:03 INFO  JwtCloudStorageDetails:36 - User with username:qwe successfully loaded
2021-12-05 01:52:03 DEBUG CloudStorageService:52 - User found:User(username=qwe, firstName=qwe, lastName=qwe, email=qwe, password=$2a$12$GTi79xU2kRWn3FA4DPKyVuQOdHvk1iOKzchiO0ZoRIAiKI7q6lMRW, roles=[Role{id: 1, name: ROLE_ADMIN}, Role{id: 2, name: ROLE_USER}]);
2021-12-05 01:52:04 DEBUG CloudStorageService:52 - User found:User(username=qwe, firstName=qwe, lastName=qwe, email=qwe, password=$2a$12$GTi79xU2kRWn3FA4DPKyVuQOdHvk1iOKzchiO0ZoRIAiKI7q6lMRW, roles=[Role{id: 1, name: ROLE_ADMIN}, Role{id: 2, name: ROLE_USER}]);
2021-12-05 01:52:04 INFO  JwtCloudStorageDetails:36 - User with username:qwe successfully loaded
2021-12-05 01:52:04 DEBUG CloudStorageMainController:68 - /list - response: []
2021-12-05 01:52:09 DEBUG CloudStorageService:52 - User found:User(username=qwe, firstName=qwe, lastName=qwe, email=qwe, password=$2a$12$GTi79xU2kRWn3FA4DPKyVuQOdHvk1iOKzchiO0ZoRIAiKI7q6lMRW, roles=[Role{id: 1, name: ROLE_ADMIN}, Role{id: 2, name: ROLE_USER}]);
2021-12-05 01:52:09 INFO  JwtCloudStorageDetails:36 - User with username:qwe successfully loaded
2021-12-05 01:52:09 DEBUG CloudStorageMainController:84 - /file request: FileRequestDto(rqUserToken=Bearer eyJhbGciOiJIUzI1NiJ9.eyJzdWIiOiJxd2UiLCJyb2xlcyI6WyJST0xFX0FETUlOIiwiUk9MRV9VU0VSIl0sImlhdCI6MTYzODY1ODMyMywiZXhwIjoxNjM4NjYxOTIzfQ.R07oPABP0zNZH0kAfJrfNwoWKwtLn_xNPL57B9MznQk, fileName=СОГЛАСИЕ.pdf, limit=0, fileSize=258815, fileBytes=null, file=org.springframework.web.multipart.support.StandardMultipartHttpServletRequest$StandardMultipartFile@33eee65d)
2021-12-05 01:52:09 DEBUG CloudStorageService:73 - СОГЛАСИЕ.pdf - 258815
2021-12-05 01:52:12 DEBUG CloudStorageService:52 - User found:User(username=qwe, firstName=qwe, lastName=qwe, email=qwe, password=$2a$12$GTi79xU2kRWn3FA4DPKyVuQOdHvk1iOKzchiO0ZoRIAiKI7q6lMRW, roles=[Role{id: 1, name: ROLE_ADMIN}, Role{id: 2, name: ROLE_USER}]);
2021-12-05 01:52:12 INFO  JwtCloudStorageDetails:36 - User with username:qwe successfully loaded
2021-12-05 01:52:12 DEBUG CloudStorageMainController:68 - /list - response: [FileResponseDto(fileName=СОГЛАСИЕ.pdf, size=258815)]
